<?xml version="1.0" encoding="UTF-8"?>
<robot generator="Robot 7.3.2 (Python 3.13.1 on win32)" generated="2026-01-12T16:30:17.830593" rpa="false" schemaversion="5">
<suite id="s1" name="Test" source="D:\robotframework\test\test.robot">
<test id="s1-t1" name="Registration - Successful With Valid Data" line="32">
<kw name="Open Chrome Headless">
<kw name="Evaluate" owner="BuiltIn">
<msg time="2026-01-12T16:30:18.075326" level="INFO">${options} = &lt;selenium.webdriver.chrome.options.Options object at 0x0000014DD20A2900&gt;</msg>
<var>${options}</var>
<arg>selenium.webdriver.ChromeOptions()</arg>
<arg>modules=selenium.webdriver</arg>
<doc>Evaluates the given expression in Python and returns the result.</doc>
<status status="PASS" start="2026-01-12T16:30:18.075058" elapsed="0.000305"/>
</kw>
<kw name="Call Method" owner="BuiltIn">
<arg>${options}</arg>
<arg>add_argument</arg>
<arg>--headless</arg>
<doc>Calls the named method of the given object with the provided arguments.</doc>
<status status="PASS" start="2026-01-12T16:30:18.075485" elapsed="0.000114"/>
</kw>
<kw name="Call Method" owner="BuiltIn">
<arg>${options}</arg>
<arg>add_argument</arg>
<arg>--no-sandbox</arg>
<doc>Calls the named method of the given object with the provided arguments.</doc>
<status status="PASS" start="2026-01-12T16:30:18.075685" elapsed="0.000092"/>
</kw>
<kw name="Call Method" owner="BuiltIn">
<arg>${options}</arg>
<arg>add_argument</arg>
<arg>--disable-dev-shm-usage</arg>
<doc>Calls the named method of the given object with the provided arguments.</doc>
<status status="PASS" start="2026-01-12T16:30:18.075898" elapsed="0.000102"/>
</kw>
<kw name="Call Method" owner="BuiltIn">
<arg>${options}</arg>
<arg>add_argument</arg>
<arg>--disable-gpu</arg>
<doc>Calls the named method of the given object with the provided arguments.</doc>
<status status="PASS" start="2026-01-12T16:30:18.076088" elapsed="0.000092"/>
</kw>
<kw name="Call Method" owner="BuiltIn">
<arg>${options}</arg>
<arg>add_argument</arg>
<arg>--window-size\=1920,1080</arg>
<doc>Calls the named method of the given object with the provided arguments.</doc>
<status status="PASS" start="2026-01-12T16:30:18.076258" elapsed="0.000104"/>
</kw>
<kw name="Open Browser" owner="SeleniumLibrary">
<msg time="2026-01-12T16:30:18.076649" level="INFO">Opening browser 'Chrome' to base url 'about:blank'.</msg>
<arg>about:blank</arg>
<arg>${BROWSER}</arg>
<arg>options=${options}</arg>
<doc>Opens a new browser instance to the optional ``url``.</doc>
<status status="PASS" start="2026-01-12T16:30:18.076457" elapsed="1.196709"/>
</kw>
<status status="PASS" start="2026-01-12T16:30:18.074438" elapsed="1.198855"/>
</kw>
<kw name="Go To" owner="SeleniumLibrary">
<msg time="2026-01-12T16:30:19.273715" level="INFO">Opening url 'https://web.evbtranding.site/register'</msg>
<arg>${REGISTER_URL}</arg>
<doc>Navigates the current browser window to the provided ``url``.</doc>
<status status="PASS" start="2026-01-12T16:30:19.273545" elapsed="1.224479"/>
</kw>
<kw name="Maximize Browser Window" owner="SeleniumLibrary">
<doc>Maximizes current browser window.</doc>
<status status="PASS" start="2026-01-12T16:30:20.498405" elapsed="0.017793"/>
</kw>
<kw name="Generate Random String" owner="String">
<msg time="2026-01-12T16:30:20.516767" level="INFO">${random_string} = olyvyzgc</msg>
<var>${random_string}</var>
<arg>8</arg>
<arg>[LOWER]</arg>
<doc>Generates a string with a desired ``length`` from the given ``chars``.</doc>
<status status="PASS" start="2026-01-12T16:30:20.516480" elapsed="0.000316"/>
</kw>
<kw name="Set Variable" owner="BuiltIn">
<msg time="2026-01-12T16:30:20.517138" level="INFO">${email} = testolyvyzgc@gmail.com</msg>
<var>${email}</var>
<arg>test${random_string}@gmail.com</arg>
<doc>Returns the given values which can then be assigned to a variables.</doc>
<status status="PASS" start="2026-01-12T16:30:20.516979" elapsed="0.000186"/>
</kw>
<kw name="Set Suite Variable" owner="BuiltIn">
<msg time="2026-01-12T16:30:20.517899" level="INFO">${REGISTERED_EMAIL} = testolyvyzgc@gmail.com</msg>
<arg>${REGISTERED_EMAIL}</arg>
<arg>${email}</arg>
<doc>Makes a variable available everywhere within the scope of the current suite.</doc>
<status status="PASS" start="2026-01-12T16:30:20.517337" elapsed="0.000608"/>
</kw>
<kw name="Input Text" owner="SeleniumLibrary">
<msg time="2026-01-12T16:30:20.518392" level="INFO">Typing text 'testolyvyzgc@gmail.com' into text field 'xpath=//input[@type='email']'.</msg>
<arg>xpath=//input[@type='email']</arg>
<arg>${email}</arg>
<doc>Types the given ``text`` into the text field identified by ``locator``.</doc>
<status status="PASS" start="2026-01-12T16:30:20.518107" elapsed="0.103166"/>
</kw>
<kw name="Input Text" owner="SeleniumLibrary">
<msg time="2026-01-12T16:30:20.621811" level="INFO">Typing text 'Test@123456' into text field 'xpath=//input[@type='password']'.</msg>
<arg>xpath=//input[@type='password']</arg>
<arg>${PASSWORD}</arg>
<doc>Types the given ``text`` into the text field identified by ``locator``.</doc>
<status status="PASS" start="2026-01-12T16:30:20.621568" elapsed="0.108776"/>
</kw>
<kw name="Scroll And Click Button">
<kw name="Scroll Element Into View" owner="SeleniumLibrary">
<arg>${locator}</arg>
<doc>Scrolls the element identified by ``locator`` into view.</doc>
<status status="PASS" start="2026-01-12T16:30:20.731066" elapsed="5.292176"/>
</kw>
<kw name="Wait Until Element Is Visible" owner="SeleniumLibrary">
<arg>${locator}</arg>
<arg>10s</arg>
<doc>Waits until the element ``locator`` is visible.</doc>
<status status="PASS" start="2026-01-12T16:30:26.023420" elapsed="0.011531"/>
</kw>
<kw name="Click Button" owner="SeleniumLibrary">
<msg time="2026-01-12T16:30:26.035320" level="INFO">Clicking button 'xpath=//button[@type='submit']'.</msg>
<arg>${locator}</arg>
<doc>Clicks the button identified by ``locator``.</doc>
<status status="PASS" start="2026-01-12T16:30:26.035115" elapsed="0.056199"/>
</kw>
<arg>xpath=//button[@type='submit']</arg>
<status status="PASS" start="2026-01-12T16:30:20.730735" elapsed="5.360701"/>
</kw>
<kw name="Wait Until Page Contains Element" owner="SeleniumLibrary">
<arg>xpath=//input[@type='email']</arg>
<arg>20s</arg>
<doc>Waits until the element ``locator`` appears on the current page.</doc>
<status status="PASS" start="2026-01-12T16:30:26.091841" elapsed="0.005146"/>
</kw>
<kw name="Capture Page Screenshot" owner="SeleniumLibrary">
<msg time="2026-01-12T16:30:26.172807" level="INFO" html="true">&lt;/td&gt;&lt;/tr&gt;&lt;tr&gt;&lt;td colspan="3"&gt;&lt;a href="selenium-screenshot-3.png"&gt;&lt;img src="selenium-screenshot-3.png" width="800px"&gt;&lt;/a&gt;</msg>
<doc>Takes a screenshot of the current page and embeds it into a log file.</doc>
<status status="PASS" start="2026-01-12T16:30:26.097203" elapsed="0.075702"/>
</kw>
<kw name="Close Browser" owner="SeleniumLibrary" type="TEARDOWN">
<doc>Closes the current browser.</doc>
<status status="PASS" start="2026-01-12T16:30:26.173228" elapsed="2.146610"/>
</kw>
<doc>Verify user can register with valid email and password</doc>
<status status="PASS" start="2026-01-12T16:30:18.073743" elapsed="10.246324"/>
</test>
<test id="s1-t2" name="Registration - Fail Empty Fields" line="49">
<kw name="Open Chrome Headless">
<kw name="Evaluate" owner="BuiltIn">
<msg time="2026-01-12T16:30:28.321439" level="INFO">${options} = &lt;selenium.webdriver.chrome.options.Options object at 0x0000014DD200FB10&gt;</msg>
<var>${options}</var>
<arg>selenium.webdriver.ChromeOptions()</arg>
<arg>modules=selenium.webdriver</arg>
<doc>Evaluates the given expression in Python and returns the result.</doc>
<status status="PASS" start="2026-01-12T16:30:28.321196" elapsed="0.000273"/>
</kw>
<kw name="Call Method" owner="BuiltIn">
<arg>${options}</arg>
<arg>add_argument</arg>
<arg>--headless</arg>
<doc>Calls the named method of the given object with the provided arguments.</doc>
<status status="PASS" start="2026-01-12T16:30:28.321570" elapsed="0.000103"/>
</kw>
<kw name="Call Method" owner="BuiltIn">
<arg>${options}</arg>
<arg>add_argument</arg>
<arg>--no-sandbox</arg>
<doc>Calls the named method of the given object with the provided arguments.</doc>
<status status="PASS" start="2026-01-12T16:30:28.321747" elapsed="0.000241"/>
</kw>
<kw name="Call Method" owner="BuiltIn">
<arg>${options}</arg>
<arg>add_argument</arg>
<arg>--disable-dev-shm-usage</arg>
<doc>Calls the named method of the given object with the provided arguments.</doc>
<status status="PASS" start="2026-01-12T16:30:28.322073" elapsed="0.000094"/>
</kw>
<kw name="Call Method" owner="BuiltIn">
<arg>${options}</arg>
<arg>add_argument</arg>
<arg>--disable-gpu</arg>
<doc>Calls the named method of the given object with the provided arguments.</doc>
<status status="PASS" start="2026-01-12T16:30:28.322242" elapsed="0.000085"/>
</kw>
<kw name="Call Method" owner="BuiltIn">
<arg>${options}</arg>
<arg>add_argument</arg>
<arg>--window-size\=1920,1080</arg>
<doc>Calls the named method of the given object with the provided arguments.</doc>
<status status="PASS" start="2026-01-12T16:30:28.322396" elapsed="0.000100"/>
</kw>
<kw name="Open Browser" owner="SeleniumLibrary">
<msg time="2026-01-12T16:30:28.322779" level="INFO">Opening browser 'Chrome' to base url 'about:blank'.</msg>
<arg>about:blank</arg>
<arg>${BROWSER}</arg>
<arg>options=${options}</arg>
<doc>Opens a new browser instance to the optional ``url``.</doc>
<status status="PASS" start="2026-01-12T16:30:28.322602" elapsed="1.189394"/>
</kw>
<status status="PASS" start="2026-01-12T16:30:28.320992" elapsed="1.191134"/>
</kw>
<kw name="Go To" owner="SeleniumLibrary">
<msg time="2026-01-12T16:30:29.512607" level="INFO">Opening url 'https://web.evbtranding.site/register'</msg>
<arg>${REGISTER_URL}</arg>
<doc>Navigates the current browser window to the provided ``url``.</doc>
<status status="PASS" start="2026-01-12T16:30:29.512416" elapsed="1.349185"/>
</kw>
<kw name="Maximize Browser Window" owner="SeleniumLibrary">
<doc>Maximizes current browser window.</doc>
<status status="PASS" start="2026-01-12T16:30:30.861954" elapsed="0.025531"/>
</kw>
<kw name="Scroll And Click Button">
<kw name="Scroll Element Into View" owner="SeleniumLibrary">
<arg>${locator}</arg>
<doc>Scrolls the element identified by ``locator`` into view.</doc>
<status status="PASS" start="2026-01-12T16:30:30.888084" elapsed="5.299359"/>
</kw>
<kw name="Wait Until Element Is Visible" owner="SeleniumLibrary">
<arg>${locator}</arg>
<arg>10s</arg>
<doc>Waits until the element ``locator`` is visible.</doc>
<status status="PASS" start="2026-01-12T16:30:36.187659" elapsed="0.012690"/>
</kw>
<kw name="Click Button" owner="SeleniumLibrary">
<msg time="2026-01-12T16:30:36.200782" level="INFO">Clicking button 'xpath=//button[@type='submit']'.</msg>
<arg>${locator}</arg>
<doc>Clicks the button identified by ``locator``.</doc>
<status status="PASS" start="2026-01-12T16:30:36.200522" elapsed="0.080415"/>
</kw>
<arg>xpath=//button[@type='submit']</arg>
<status status="PASS" start="2026-01-12T16:30:30.887816" elapsed="5.393241"/>
</kw>
<kw name="Wait Until Page Contains Element" owner="SeleniumLibrary">
<arg>xpath=//input[@type='email']</arg>
<arg>10s</arg>
<doc>Waits until the element ``locator`` appears on the current page.</doc>
<status status="PASS" start="2026-01-12T16:30:36.281348" elapsed="0.009842"/>
</kw>
<kw name="Capture Page Screenshot" owner="SeleniumLibrary">
<msg time="2026-01-12T16:30:36.394621" level="INFO" html="true">&lt;/td&gt;&lt;/tr&gt;&lt;tr&gt;&lt;td colspan="3"&gt;&lt;a href="selenium-screenshot-4.png"&gt;&lt;img src="selenium-screenshot-4.png" width="800px"&gt;&lt;/a&gt;</msg>
<doc>Takes a screenshot of the current page and embeds it into a log file.</doc>
<status status="PASS" start="2026-01-12T16:30:36.291477" elapsed="0.103272"/>
</kw>
<kw name="Close Browser" owner="SeleniumLibrary" type="TEARDOWN">
<doc>Closes the current browser.</doc>
<status status="PASS" start="2026-01-12T16:30:36.395134" elapsed="2.136506"/>
</kw>
<doc>Verify registration fails when fields are empty</doc>
<status status="PASS" start="2026-01-12T16:30:28.320581" elapsed="10.211273"/>
</test>
<test id="s1-t3" name="Registration - Fail Invalid Email Format" line="62">
<kw name="Open Chrome Headless">
<kw name="Evaluate" owner="BuiltIn">
<msg time="2026-01-12T16:30:38.533296" level="INFO">${options} = &lt;selenium.webdriver.chrome.options.Options object at 0x0000014DD200E710&gt;</msg>
<var>${options}</var>
<arg>selenium.webdriver.ChromeOptions()</arg>
<arg>modules=selenium.webdriver</arg>
<doc>Evaluates the given expression in Python and returns the result.</doc>
<status status="PASS" start="2026-01-12T16:30:38.533072" elapsed="0.000254"/>
</kw>
<kw name="Call Method" owner="BuiltIn">
<arg>${options}</arg>
<arg>add_argument</arg>
<arg>--headless</arg>
<doc>Calls the named method of the given object with the provided arguments.</doc>
<status status="PASS" start="2026-01-12T16:30:38.533409" elapsed="0.000097"/>
</kw>
<kw name="Call Method" owner="BuiltIn">
<arg>${options}</arg>
<arg>add_argument</arg>
<arg>--no-sandbox</arg>
<doc>Calls the named method of the given object with the provided arguments.</doc>
<status status="PASS" start="2026-01-12T16:30:38.533578" elapsed="0.000086"/>
</kw>
<kw name="Call Method" owner="BuiltIn">
<arg>${options}</arg>
<arg>add_argument</arg>
<arg>--disable-dev-shm-usage</arg>
<doc>Calls the named method of the given object with the provided arguments.</doc>
<status status="PASS" start="2026-01-12T16:30:38.533732" elapsed="0.000083"/>
</kw>
<kw name="Call Method" owner="BuiltIn">
<arg>${options}</arg>
<arg>add_argument</arg>
<arg>--disable-gpu</arg>
<doc>Calls the named method of the given object with the provided arguments.</doc>
<status status="PASS" start="2026-01-12T16:30:38.533881" elapsed="0.000080"/>
</kw>
<kw name="Call Method" owner="BuiltIn">
<arg>${options}</arg>
<arg>add_argument</arg>
<arg>--window-size\=1920,1080</arg>
<doc>Calls the named method of the given object with the provided arguments.</doc>
<status status="PASS" start="2026-01-12T16:30:38.534026" elapsed="0.000092"/>
</kw>
<kw name="Open Browser" owner="SeleniumLibrary">
<msg time="2026-01-12T16:30:38.534374" level="INFO">Opening browser 'Chrome' to base url 'about:blank'.</msg>
<arg>about:blank</arg>
<arg>${BROWSER}</arg>
<arg>options=${options}</arg>
<doc>Opens a new browser instance to the optional ``url``.</doc>
<status status="PASS" start="2026-01-12T16:30:38.534206" elapsed="1.182101"/>
</kw>
<status status="PASS" start="2026-01-12T16:30:38.532871" elapsed="1.183551"/>
</kw>
<kw name="Go To" owner="SeleniumLibrary">
<msg time="2026-01-12T16:30:39.716837" level="INFO">Opening url 'https://web.evbtranding.site/register'</msg>
<arg>${REGISTER_URL}</arg>
<doc>Navigates the current browser window to the provided ``url``.</doc>
<status status="PASS" start="2026-01-12T16:30:39.716671" elapsed="1.204544"/>
</kw>
<kw name="Maximize Browser Window" owner="SeleniumLibrary">
<doc>Maximizes current browser window.</doc>
<status status="PASS" start="2026-01-12T16:30:40.921542" elapsed="0.025820"/>
</kw>
<kw name="Input Text" owner="SeleniumLibrary">
<msg time="2026-01-12T16:30:40.947825" level="INFO">Typing text 'invalid_email_format' into text field 'xpath=//input[@type='email']'.</msg>
<arg>xpath=//input[@type='email']</arg>
<arg>invalid_email_format</arg>
<doc>Types the given ``text`` into the text field identified by ``locator``.</doc>
<status status="PASS" start="2026-01-12T16:30:40.947630" elapsed="0.091920"/>
</kw>
<kw name="Input Text" owner="SeleniumLibrary">
<msg time="2026-01-12T16:30:41.040076" level="INFO">Typing text 'Test@123456' into text field 'xpath=//input[@type='password']'.</msg>
<arg>xpath=//input[@type='password']</arg>
<arg>${PASSWORD}</arg>
<doc>Types the given ``text`` into the text field identified by ``locator``.</doc>
<status status="PASS" start="2026-01-12T16:30:41.039844" elapsed="0.082553"/>
</kw>
<kw name="Scroll And Click Button">
<kw name="Scroll Element Into View" owner="SeleniumLibrary">
<arg>${locator}</arg>
<doc>Scrolls the element identified by ``locator`` into view.</doc>
<status status="PASS" start="2026-01-12T16:30:41.123007" elapsed="5.294335"/>
</kw>
<kw name="Wait Until Element Is Visible" owner="SeleniumLibrary">
<arg>${locator}</arg>
<arg>10s</arg>
<doc>Waits until the element ``locator`` is visible.</doc>
<status status="PASS" start="2026-01-12T16:30:46.417554" elapsed="0.011025"/>
</kw>
<kw name="Click Button" owner="SeleniumLibrary">
<msg time="2026-01-12T16:30:46.428927" level="INFO">Clicking button 'xpath=//button[@type='submit']'.</msg>
<arg>${locator}</arg>
<doc>Clicks the button identified by ``locator``.</doc>
<status status="PASS" start="2026-01-12T16:30:46.428733" elapsed="0.055446"/>
</kw>
<arg>xpath=//button[@type='submit']</arg>
<status status="PASS" start="2026-01-12T16:30:41.122720" elapsed="5.361575"/>
</kw>
<kw name="Page Should Contain Element" owner="SeleniumLibrary">
<msg time="2026-01-12T16:30:46.489593" level="INFO">Current page contains element 'xpath=//input[@type='email']'.</msg>
<arg>xpath=//input[@type='email']</arg>
<doc>Verifies that element ``locator`` is found on the current page.</doc>
<status status="PASS" start="2026-01-12T16:30:46.484537" elapsed="0.005128"/>
</kw>
<kw name="Capture Page Screenshot" owner="SeleniumLibrary">
<msg time="2026-01-12T16:30:46.573337" level="INFO" html="true">&lt;/td&gt;&lt;/tr&gt;&lt;tr&gt;&lt;td colspan="3"&gt;&lt;a href="selenium-screenshot-5.png"&gt;&lt;img src="selenium-screenshot-5.png" width="800px"&gt;&lt;/a&gt;</msg>
<doc>Takes a screenshot of the current page and embeds it into a log file.</doc>
<status status="PASS" start="2026-01-12T16:30:46.489881" elapsed="0.083551"/>
</kw>
<kw name="Close Browser" owner="SeleniumLibrary" type="TEARDOWN">
<doc>Closes the current browser.</doc>
<status status="PASS" start="2026-01-12T16:30:46.573771" elapsed="2.111432"/>
</kw>
<doc>Verify registration fails with invalid email format</doc>
<status status="PASS" start="2026-01-12T16:30:38.532420" elapsed="10.153120"/>
</test>
<test id="s1-t4" name="Registration - Fail Short Password" line="75">
<kw name="Open Chrome Headless">
<kw name="Evaluate" owner="BuiltIn">
<msg time="2026-01-12T16:30:48.687012" level="INFO">${options} = &lt;selenium.webdriver.chrome.options.Options object at 0x0000014DD1FA7820&gt;</msg>
<var>${options}</var>
<arg>selenium.webdriver.ChromeOptions()</arg>
<arg>modules=selenium.webdriver</arg>
<doc>Evaluates the given expression in Python and returns the result.</doc>
<status status="PASS" start="2026-01-12T16:30:48.686771" elapsed="0.000269"/>
</kw>
<kw name="Call Method" owner="BuiltIn">
<arg>${options}</arg>
<arg>add_argument</arg>
<arg>--headless</arg>
<doc>Calls the named method of the given object with the provided arguments.</doc>
<status status="PASS" start="2026-01-12T16:30:48.687128" elapsed="0.000102"/>
</kw>
<kw name="Call Method" owner="BuiltIn">
<arg>${options}</arg>
<arg>add_argument</arg>
<arg>--no-sandbox</arg>
<doc>Calls the named method of the given object with the provided arguments.</doc>
<status status="PASS" start="2026-01-12T16:30:48.687304" elapsed="0.000089"/>
</kw>
<kw name="Call Method" owner="BuiltIn">
<arg>${options}</arg>
<arg>add_argument</arg>
<arg>--disable-dev-shm-usage</arg>
<doc>Calls the named method of the given object with the provided arguments.</doc>
<status status="PASS" start="2026-01-12T16:30:48.687463" elapsed="0.000082"/>
</kw>
<kw name="Call Method" owner="BuiltIn">
<arg>${options}</arg>
<arg>add_argument</arg>
<arg>--disable-gpu</arg>
<doc>Calls the named method of the given object with the provided arguments.</doc>
<status status="PASS" start="2026-01-12T16:30:48.687614" elapsed="0.000087"/>
</kw>
<kw name="Call Method" owner="BuiltIn">
<arg>${options}</arg>
<arg>add_argument</arg>
<arg>--window-size\=1920,1080</arg>
<doc>Calls the named method of the given object with the provided arguments.</doc>
<status status="PASS" start="2026-01-12T16:30:48.687770" elapsed="0.000099"/>
</kw>
<kw name="Open Browser" owner="SeleniumLibrary">
<msg time="2026-01-12T16:30:48.688139" level="INFO">Opening browser 'Chrome' to base url 'about:blank'.</msg>
<arg>about:blank</arg>
<arg>${BROWSER}</arg>
<arg>options=${options}</arg>
<doc>Opens a new browser instance to the optional ``url``.</doc>
<status status="PASS" start="2026-01-12T16:30:48.687962" elapsed="1.165409"/>
</kw>
<status status="PASS" start="2026-01-12T16:30:48.686559" elapsed="1.166925"/>
</kw>
<kw name="Go To" owner="SeleniumLibrary">
<msg time="2026-01-12T16:30:49.853903" level="INFO">Opening url 'https://web.evbtranding.site/register'</msg>
<arg>${REGISTER_URL}</arg>
<doc>Navigates the current browser window to the provided ``url``.</doc>
<status status="PASS" start="2026-01-12T16:30:49.853733" elapsed="1.377328"/>
</kw>
<kw name="Maximize Browser Window" owner="SeleniumLibrary">
<doc>Maximizes current browser window.</doc>
<status status="PASS" start="2026-01-12T16:30:51.231396" elapsed="0.031213"/>
</kw>
<kw name="Input Text" owner="SeleniumLibrary">
<msg time="2026-01-12T16:30:51.263083" level="INFO">Typing text 'shortpass@gmail.com' into text field 'xpath=//input[@type='email']'.</msg>
<arg>xpath=//input[@type='email']</arg>
<arg>shortpass@gmail.com</arg>
<doc>Types the given ``text`` into the text field identified by ``locator``.</doc>
<status status="PASS" start="2026-01-12T16:30:51.262879" elapsed="0.099376"/>
</kw>
<kw name="Input Text" owner="SeleniumLibrary">
<msg time="2026-01-12T16:30:51.362779" level="INFO">Typing text '123' into text field 'xpath=//input[@type='password']'.</msg>
<arg>xpath=//input[@type='password']</arg>
<arg>123</arg>
<doc>Types the given ``text`` into the text field identified by ``locator``.</doc>
<status status="PASS" start="2026-01-12T16:30:51.362556" elapsed="0.055096"/>
</kw>
<kw name="Scroll And Click Button">
<kw name="Scroll Element Into View" owner="SeleniumLibrary">
<arg>${locator}</arg>
<doc>Scrolls the element identified by ``locator`` into view.</doc>
<status status="PASS" start="2026-01-12T16:30:51.418286" elapsed="5.280726"/>
</kw>
<kw name="Wait Until Element Is Visible" owner="SeleniumLibrary">
<arg>${locator}</arg>
<arg>10s</arg>
<doc>Waits until the element ``locator`` is visible.</doc>
<status status="PASS" start="2026-01-12T16:30:56.699181" elapsed="0.010753"/>
</kw>
<kw name="Click Button" owner="SeleniumLibrary">
<msg time="2026-01-12T16:30:56.710290" level="INFO">Clicking button 'xpath=//button[@type='submit']'.</msg>
<arg>${locator}</arg>
<doc>Clicks the button identified by ``locator``.</doc>
<status status="PASS" start="2026-01-12T16:30:56.710084" elapsed="0.061545"/>
</kw>
<arg>xpath=//button[@type='submit']</arg>
<status status="PASS" start="2026-01-12T16:30:51.417994" elapsed="5.353745"/>
</kw>
<kw name="Page Should Contain Element" owner="SeleniumLibrary">
<msg time="2026-01-12T16:30:56.777118" level="INFO">Current page contains element 'xpath=//input[@type='email']'.</msg>
<arg>xpath=//input[@type='email']</arg>
<doc>Verifies that element ``locator`` is found on the current page.</doc>
<status status="PASS" start="2026-01-12T16:30:56.771981" elapsed="0.005210"/>
</kw>
<kw name="Capture Page Screenshot" owner="SeleniumLibrary">
<msg time="2026-01-12T16:30:56.856740" level="INFO" html="true">&lt;/td&gt;&lt;/tr&gt;&lt;tr&gt;&lt;td colspan="3"&gt;&lt;a href="selenium-screenshot-6.png"&gt;&lt;img src="selenium-screenshot-6.png" width="800px"&gt;&lt;/a&gt;</msg>
<doc>Takes a screenshot of the current page and embeds it into a log file.</doc>
<status status="PASS" start="2026-01-12T16:30:56.777410" elapsed="0.079506"/>
</kw>
<kw name="Close Browser" owner="SeleniumLibrary" type="TEARDOWN">
<doc>Closes the current browser.</doc>
<status status="PASS" start="2026-01-12T16:30:56.857469" elapsed="2.172095"/>
</kw>
<doc>Verify registration fails with short password</doc>
<status status="PASS" start="2026-01-12T16:30:48.686112" elapsed="10.343965"/>
</test>
<test id="s1-t5" name="Login - Successful With Valid Credentials" line="90">
<kw name="Open Chrome Headless">
<kw name="Evaluate" owner="BuiltIn">
<msg time="2026-01-12T16:30:59.031959" level="INFO">${options} = &lt;selenium.webdriver.chrome.options.Options object at 0x0000014DD1FA76F0&gt;</msg>
<var>${options}</var>
<arg>selenium.webdriver.ChromeOptions()</arg>
<arg>modules=selenium.webdriver</arg>
<doc>Evaluates the given expression in Python and returns the result.</doc>
<status status="PASS" start="2026-01-12T16:30:59.031473" elapsed="0.000538"/>
</kw>
<kw name="Call Method" owner="BuiltIn">
<arg>${options}</arg>
<arg>add_argument</arg>
<arg>--headless</arg>
<doc>Calls the named method of the given object with the provided arguments.</doc>
<status status="PASS" start="2026-01-12T16:30:59.032180" elapsed="0.000186"/>
</kw>
<kw name="Call Method" owner="BuiltIn">
<arg>${options}</arg>
<arg>add_argument</arg>
<arg>--no-sandbox</arg>
<doc>Calls the named method of the given object with the provided arguments.</doc>
<status status="PASS" start="2026-01-12T16:30:59.032515" elapsed="0.000182"/>
</kw>
<kw name="Call Method" owner="BuiltIn">
<arg>${options}</arg>
<arg>add_argument</arg>
<arg>--disable-dev-shm-usage</arg>
<doc>Calls the named method of the given object with the provided arguments.</doc>
<status status="PASS" start="2026-01-12T16:30:59.032826" elapsed="0.000175"/>
</kw>
<kw name="Call Method" owner="BuiltIn">
<arg>${options}</arg>
<arg>add_argument</arg>
<arg>--disable-gpu</arg>
<doc>Calls the named method of the given object with the provided arguments.</doc>
<status status="PASS" start="2026-01-12T16:30:59.033098" elapsed="0.000106"/>
</kw>
<kw name="Call Method" owner="BuiltIn">
<arg>${options}</arg>
<arg>add_argument</arg>
<arg>--window-size\=1920,1080</arg>
<doc>Calls the named method of the given object with the provided arguments.</doc>
<status status="PASS" start="2026-01-12T16:30:59.033328" elapsed="0.000202"/>
</kw>
<kw name="Open Browser" owner="SeleniumLibrary">
<msg time="2026-01-12T16:30:59.034301" level="INFO">Opening browser 'Chrome' to base url 'about:blank'.</msg>
<arg>about:blank</arg>
<arg>${BROWSER}</arg>
<arg>options=${options}</arg>
<doc>Opens a new browser instance to the optional ``url``.</doc>
<status status="PASS" start="2026-01-12T16:30:59.033719" elapsed="1.151863"/>
</kw>
<status status="PASS" start="2026-01-12T16:30:59.031197" elapsed="1.154497"/>
</kw>
<kw name="Go To" owner="SeleniumLibrary">
<msg time="2026-01-12T16:31:00.186079" level="INFO">Opening url 'https://web.evbtranding.site/login'</msg>
<arg>${LOGIN_URL}</arg>
<doc>Navigates the current browser window to the provided ``url``.</doc>
<status status="PASS" start="2026-01-12T16:31:00.185923" elapsed="1.229325"/>
</kw>
<kw name="Maximize Browser Window" owner="SeleniumLibrary">
<doc>Maximizes current browser window.</doc>
<status status="PASS" start="2026-01-12T16:31:01.415555" elapsed="0.026439"/>
</kw>
<kw name="Wait Until Page Contains Element" owner="SeleniumLibrary">
<arg>xpath=//input[@type='email']</arg>
<arg>10s</arg>
<doc>Waits until the element ``locator`` appears on the current page.</doc>
<status status="PASS" start="2026-01-12T16:31:01.442286" elapsed="0.008445"/>
</kw>
<kw name="Input Text" owner="SeleniumLibrary">
<msg time="2026-01-12T16:31:01.451195" level="INFO">Typing text 'testolyvyzgc@gmail.com' into text field 'xpath=//input[@type='email']'.</msg>
<arg>xpath=//input[@type='email']</arg>
<arg>${REGISTERED_EMAIL}</arg>
<doc>Types the given ``text`` into the text field identified by ``locator``.</doc>
<status status="PASS" start="2026-01-12T16:31:01.450977" elapsed="0.091406"/>
</kw>
<kw name="Input Text" owner="SeleniumLibrary">
<msg time="2026-01-12T16:31:01.542892" level="INFO">Typing text 'Test@123456' into text field 'xpath=//input[@type='password']'.</msg>
<arg>xpath=//input[@type='password']</arg>
<arg>${PASSWORD}</arg>
<doc>Types the given ``text`` into the text field identified by ``locator``.</doc>
<status status="PASS" start="2026-01-12T16:31:01.542660" elapsed="0.085345"/>
</kw>
<kw name="Scroll And Click Button">
<kw name="Scroll Element Into View" owner="SeleniumLibrary">
<arg>${locator}</arg>
<doc>Scrolls the element identified by ``locator`` into view.</doc>
<status status="PASS" start="2026-01-12T16:31:01.628574" elapsed="5.293284"/>
</kw>
<kw name="Wait Until Element Is Visible" owner="SeleniumLibrary">
<arg>${locator}</arg>
<arg>10s</arg>
<doc>Waits until the element ``locator`` is visible.</doc>
<status status="PASS" start="2026-01-12T16:31:06.922102" elapsed="0.017662"/>
</kw>
<kw name="Click Button" owner="SeleniumLibrary">
<msg time="2026-01-12T16:31:06.940183" level="INFO">Clicking button 'xpath=//button[@type='submit']'.</msg>
<arg>${locator}</arg>
<doc>Clicks the button identified by ``locator``.</doc>
<status status="PASS" start="2026-01-12T16:31:06.939949" elapsed="0.077373"/>
</kw>
<arg>xpath=//button[@type='submit']</arg>
<status status="PASS" start="2026-01-12T16:31:01.628315" elapsed="5.389123"/>
</kw>
<kw name="Sleep" owner="BuiltIn">
<msg time="2026-01-12T16:31:10.017923" level="INFO">Slept 3 seconds.</msg>
<arg>3s</arg>
<doc>Pauses the test executed for the given time.</doc>
<status status="PASS" start="2026-01-12T16:31:07.017686" elapsed="3.000359"/>
</kw>
<kw name="Capture Page Screenshot" owner="SeleniumLibrary">
<msg time="2026-01-12T16:31:10.088331" level="INFO" html="true">&lt;/td&gt;&lt;/tr&gt;&lt;tr&gt;&lt;td colspan="3"&gt;&lt;a href="selenium-screenshot-7.png"&gt;&lt;img src="selenium-screenshot-7.png" width="800px"&gt;&lt;/a&gt;</msg>
<doc>Takes a screenshot of the current page and embeds it into a log file.</doc>
<status status="PASS" start="2026-01-12T16:31:10.018396" elapsed="0.070032"/>
</kw>
<kw name="Close Browser" owner="SeleniumLibrary" type="TEARDOWN">
<doc>Closes the current browser.</doc>
<status status="PASS" start="2026-01-12T16:31:10.088816" elapsed="2.108419"/>
</kw>
<doc>Verify user can login with registered credentials</doc>
<status status="PASS" start="2026-01-12T16:30:59.030704" elapsed="13.166780"/>
</test>
<test id="s1-t6" name="Login - Fail Wrong Password" line="103">
<kw name="Open Chrome Headless">
<kw name="Evaluate" owner="BuiltIn">
<msg time="2026-01-12T16:31:12.199278" level="INFO">${options} = &lt;selenium.webdriver.chrome.options.Options object at 0x0000014DD20260F0&gt;</msg>
<var>${options}</var>
<arg>selenium.webdriver.ChromeOptions()</arg>
<arg>modules=selenium.webdriver</arg>
<doc>Evaluates the given expression in Python and returns the result.</doc>
<status status="PASS" start="2026-01-12T16:31:12.198677" elapsed="0.000630"/>
</kw>
<kw name="Call Method" owner="BuiltIn">
<arg>${options}</arg>
<arg>add_argument</arg>
<arg>--headless</arg>
<doc>Calls the named method of the given object with the provided arguments.</doc>
<status status="PASS" start="2026-01-12T16:31:12.199396" elapsed="0.000103"/>
</kw>
<kw name="Call Method" owner="BuiltIn">
<arg>${options}</arg>
<arg>add_argument</arg>
<arg>--no-sandbox</arg>
<doc>Calls the named method of the given object with the provided arguments.</doc>
<status status="PASS" start="2026-01-12T16:31:12.199572" elapsed="0.000085"/>
</kw>
<kw name="Call Method" owner="BuiltIn">
<arg>${options}</arg>
<arg>add_argument</arg>
<arg>--disable-dev-shm-usage</arg>
<doc>Calls the named method of the given object with the provided arguments.</doc>
<status status="PASS" start="2026-01-12T16:31:12.199726" elapsed="0.000081"/>
</kw>
<kw name="Call Method" owner="BuiltIn">
<arg>${options}</arg>
<arg>add_argument</arg>
<arg>--disable-gpu</arg>
<doc>Calls the named method of the given object with the provided arguments.</doc>
<status status="PASS" start="2026-01-12T16:31:12.199875" elapsed="0.000078"/>
</kw>
<kw name="Call Method" owner="BuiltIn">
<arg>${options}</arg>
<arg>add_argument</arg>
<arg>--window-size\=1920,1080</arg>
<doc>Calls the named method of the given object with the provided arguments.</doc>
<status status="PASS" start="2026-01-12T16:31:12.200017" elapsed="0.000091"/>
</kw>
<kw name="Open Browser" owner="SeleniumLibrary">
<msg time="2026-01-12T16:31:12.200508" level="INFO">Opening browser 'Chrome' to base url 'about:blank'.</msg>
<arg>about:blank</arg>
<arg>${BROWSER}</arg>
<arg>options=${options}</arg>
<doc>Opens a new browser instance to the optional ``url``.</doc>
<status status="PASS" start="2026-01-12T16:31:12.200241" elapsed="1.158208"/>
</kw>
<status status="PASS" start="2026-01-12T16:31:12.198460" elapsed="1.160099"/>
</kw>
<kw name="Go To" owner="SeleniumLibrary">
<msg time="2026-01-12T16:31:13.358946" level="INFO">Opening url 'https://web.evbtranding.site/login'</msg>
<arg>${LOGIN_URL}</arg>
<doc>Navigates the current browser window to the provided ``url``.</doc>
<status status="PASS" start="2026-01-12T16:31:13.358791" elapsed="1.316725"/>
</kw>
<kw name="Maximize Browser Window" owner="SeleniumLibrary">
<doc>Maximizes current browser window.</doc>
<status status="PASS" start="2026-01-12T16:31:14.675865" elapsed="0.018353"/>
</kw>
<kw name="Wait Until Page Contains Element" owner="SeleniumLibrary">
<arg>xpath=//input[@type='email']</arg>
<arg>10s</arg>
<doc>Waits until the element ``locator`` appears on the current page.</doc>
<status status="PASS" start="2026-01-12T16:31:14.694656" elapsed="0.008385"/>
</kw>
<kw name="Input Text" owner="SeleniumLibrary">
<msg time="2026-01-12T16:31:14.703520" level="INFO">Typing text 'testolyvyzgc@gmail.com' into text field 'xpath=//input[@type='email']'.</msg>
<arg>xpath=//input[@type='email']</arg>
<arg>${REGISTERED_EMAIL}</arg>
<doc>Types the given ``text`` into the text field identified by ``locator``.</doc>
<status status="PASS" start="2026-01-12T16:31:14.703300" elapsed="0.098323"/>
</kw>
<kw name="Input Text" owner="SeleniumLibrary">
<msg time="2026-01-12T16:31:14.802155" level="INFO">Typing text 'WrongPassword123' into text field 'xpath=//input[@type='password']'.</msg>
<arg>xpath=//input[@type='password']</arg>
<arg>WrongPassword123</arg>
<doc>Types the given ``text`` into the text field identified by ``locator``.</doc>
<status status="PASS" start="2026-01-12T16:31:14.801938" elapsed="0.090360"/>
</kw>
<kw name="Scroll And Click Button">
<kw name="Scroll Element Into View" owner="SeleniumLibrary">
<arg>${locator}</arg>
<doc>Scrolls the element identified by ``locator`` into view.</doc>
<status status="PASS" start="2026-01-12T16:31:14.892891" elapsed="5.293680"/>
</kw>
<kw name="Wait Until Element Is Visible" owner="SeleniumLibrary">
<arg>${locator}</arg>
<arg>10s</arg>
<doc>Waits until the element ``locator`` is visible.</doc>
<status status="PASS" start="2026-01-12T16:31:20.186740" elapsed="0.011373"/>
</kw>
<kw name="Click Button" owner="SeleniumLibrary">
<msg time="2026-01-12T16:31:20.198443" level="INFO">Clicking button 'xpath=//button[@type='submit']'.</msg>
<arg>${locator}</arg>
<doc>Clicks the button identified by ``locator``.</doc>
<status status="PASS" start="2026-01-12T16:31:20.198260" elapsed="0.061439"/>
</kw>
<arg>xpath=//button[@type='submit']</arg>
<status status="PASS" start="2026-01-12T16:31:14.892628" elapsed="5.367181"/>
</kw>
<kw name="Wait Until Page Contains Element" owner="SeleniumLibrary">
<arg>xpath=//input[@type='email']</arg>
<arg>10s</arg>
<doc>Waits until the element ``locator`` appears on the current page.</doc>
<status status="PASS" start="2026-01-12T16:31:20.260068" elapsed="0.005323"/>
</kw>
<kw name="Capture Page Screenshot" owner="SeleniumLibrary">
<msg time="2026-01-12T16:31:20.338164" level="INFO" html="true">&lt;/td&gt;&lt;/tr&gt;&lt;tr&gt;&lt;td colspan="3"&gt;&lt;a href="selenium-screenshot-8.png"&gt;&lt;img src="selenium-screenshot-8.png" width="800px"&gt;&lt;/a&gt;</msg>
<doc>Takes a screenshot of the current page and embeds it into a log file.</doc>
<status status="PASS" start="2026-01-12T16:31:20.265632" elapsed="0.072649"/>
</kw>
<kw name="Close Browser" owner="SeleniumLibrary" type="TEARDOWN">
<doc>Closes the current browser.</doc>
<status status="PASS" start="2026-01-12T16:31:20.338830" elapsed="2.123463"/>
</kw>
<doc>Verify login fails with correct email but wrong password</doc>
<status status="PASS" start="2026-01-12T16:31:12.198098" elapsed="10.264405"/>
</test>
<test id="s1-t7" name="Login - Fail Unregistered Email" line="117">
<kw name="Open Chrome Headless">
<kw name="Evaluate" owner="BuiltIn">
<msg time="2026-01-12T16:31:22.463873" level="INFO">${options} = &lt;selenium.webdriver.chrome.options.Options object at 0x0000014DD1FCFF00&gt;</msg>
<var>${options}</var>
<arg>selenium.webdriver.ChromeOptions()</arg>
<arg>modules=selenium.webdriver</arg>
<doc>Evaluates the given expression in Python and returns the result.</doc>
<status status="PASS" start="2026-01-12T16:31:22.463653" elapsed="0.000246"/>
</kw>
<kw name="Call Method" owner="BuiltIn">
<arg>${options}</arg>
<arg>add_argument</arg>
<arg>--headless</arg>
<doc>Calls the named method of the given object with the provided arguments.</doc>
<status status="PASS" start="2026-01-12T16:31:22.463983" elapsed="0.000095"/>
</kw>
<kw name="Call Method" owner="BuiltIn">
<arg>${options}</arg>
<arg>add_argument</arg>
<arg>--no-sandbox</arg>
<doc>Calls the named method of the given object with the provided arguments.</doc>
<status status="PASS" start="2026-01-12T16:31:22.464150" elapsed="0.000083"/>
</kw>
<kw name="Call Method" owner="BuiltIn">
<arg>${options}</arg>
<arg>add_argument</arg>
<arg>--disable-dev-shm-usage</arg>
<doc>Calls the named method of the given object with the provided arguments.</doc>
<status status="PASS" start="2026-01-12T16:31:22.464299" elapsed="0.000081"/>
</kw>
<kw name="Call Method" owner="BuiltIn">
<arg>${options}</arg>
<arg>add_argument</arg>
<arg>--disable-gpu</arg>
<doc>Calls the named method of the given object with the provided arguments.</doc>
<status status="PASS" start="2026-01-12T16:31:22.464464" elapsed="0.000083"/>
</kw>
<kw name="Call Method" owner="BuiltIn">
<arg>${options}</arg>
<arg>add_argument</arg>
<arg>--window-size\=1920,1080</arg>
<doc>Calls the named method of the given object with the provided arguments.</doc>
<status status="PASS" start="2026-01-12T16:31:22.464613" elapsed="0.000095"/>
</kw>
<kw name="Open Browser" owner="SeleniumLibrary">
<msg time="2026-01-12T16:31:22.464969" level="INFO">Opening browser 'Chrome' to base url 'about:blank'.</msg>
<arg>about:blank</arg>
<arg>${BROWSER}</arg>
<arg>options=${options}</arg>
<doc>Opens a new browser instance to the optional ``url``.</doc>
<status status="PASS" start="2026-01-12T16:31:22.464796" elapsed="1.703644"/>
</kw>
<status status="PASS" start="2026-01-12T16:31:22.463455" elapsed="1.705096"/>
</kw>
<kw name="Go To" owner="SeleniumLibrary">
<msg time="2026-01-12T16:31:24.168949" level="INFO">Opening url 'https://web.evbtranding.site/login'</msg>
<arg>${LOGIN_URL}</arg>
<doc>Navigates the current browser window to the provided ``url``.</doc>
<status status="PASS" start="2026-01-12T16:31:24.168789" elapsed="3.822102"/>
</kw>
<kw name="Maximize Browser Window" owner="SeleniumLibrary">
<doc>Maximizes current browser window.</doc>
<status status="PASS" start="2026-01-12T16:31:27.991236" elapsed="0.025643"/>
</kw>
<kw name="Wait Until Page Contains Element" owner="SeleniumLibrary">
<arg>xpath=//input[@type='email']</arg>
<arg>10s</arg>
<doc>Waits until the element ``locator`` appears on the current page.</doc>
<status status="PASS" start="2026-01-12T16:31:28.017157" elapsed="0.008822"/>
</kw>
<kw name="Input Text" owner="SeleniumLibrary">
<msg time="2026-01-12T16:31:28.026452" level="INFO">Typing text 'unregistered_random_user@gmail.com' into text field 'xpath=//input[@type='email']'.</msg>
<arg>xpath=//input[@type='email']</arg>
<arg>unregistered_random_user@gmail.com</arg>
<doc>Types the given ``text`` into the text field identified by ``locator``.</doc>
<status status="PASS" start="2026-01-12T16:31:28.026261" elapsed="0.115648"/>
</kw>
<kw name="Input Text" owner="SeleniumLibrary">
<msg time="2026-01-12T16:31:28.142490" level="INFO">Typing text 'Test@123456' into text field 'xpath=//input[@type='password']'.</msg>
<arg>xpath=//input[@type='password']</arg>
<arg>${PASSWORD}</arg>
<doc>Types the given ``text`` into the text field identified by ``locator``.</doc>
<status status="PASS" start="2026-01-12T16:31:28.142237" elapsed="0.082890"/>
</kw>
<kw name="Scroll And Click Button">
<kw name="Scroll Element Into View" owner="SeleniumLibrary">
<arg>${locator}</arg>
<doc>Scrolls the element identified by ``locator`` into view.</doc>
<status status="PASS" start="2026-01-12T16:31:28.225785" elapsed="5.284936"/>
</kw>
<kw name="Wait Until Element Is Visible" owner="SeleniumLibrary">
<arg>${locator}</arg>
<arg>10s</arg>
<doc>Waits until the element ``locator`` is visible.</doc>
<status status="PASS" start="2026-01-12T16:31:33.510908" elapsed="0.010819"/>
</kw>
<kw name="Click Button" owner="SeleniumLibrary">
<msg time="2026-01-12T16:31:33.522102" level="INFO">Clicking button 'xpath=//button[@type='submit']'.</msg>
<arg>${locator}</arg>
<doc>Clicks the button identified by ``locator``.</doc>
<status status="PASS" start="2026-01-12T16:31:33.521901" elapsed="0.062152"/>
</kw>
<arg>xpath=//button[@type='submit']</arg>
<status status="PASS" start="2026-01-12T16:31:28.225522" elapsed="5.358642"/>
</kw>
<kw name="Page Should Contain Element" owner="SeleniumLibrary">
<msg time="2026-01-12T16:31:33.589758" level="INFO">Current page contains element 'xpath=//input[@type='email']'.</msg>
<arg>xpath=//input[@type='email']</arg>
<doc>Verifies that element ``locator`` is found on the current page.</doc>
<status status="PASS" start="2026-01-12T16:31:33.584412" elapsed="0.005449"/>
</kw>
<kw name="Capture Page Screenshot" owner="SeleniumLibrary">
<msg time="2026-01-12T16:31:33.726483" level="INFO" html="true">&lt;/td&gt;&lt;/tr&gt;&lt;tr&gt;&lt;td colspan="3"&gt;&lt;a href="selenium-screenshot-9.png"&gt;&lt;img src="selenium-screenshot-9.png" width="800px"&gt;&lt;/a&gt;</msg>
<doc>Takes a screenshot of the current page and embeds it into a log file.</doc>
<status status="PASS" start="2026-01-12T16:31:33.590120" elapsed="0.136575"/>
</kw>
<kw name="Close Browser" owner="SeleniumLibrary" type="TEARDOWN">
<doc>Closes the current browser.</doc>
<status status="PASS" start="2026-01-12T16:31:33.727369" elapsed="2.120820"/>
</kw>
<doc>Verify login fails with unregistered email</doc>
<status status="PASS" start="2026-01-12T16:31:22.463094" elapsed="13.385377"/>
</test>
<test id="s1-t8" name="Login - Fail Empty Credentials" line="131">
<kw name="Open Chrome Headless">
<kw name="Evaluate" owner="BuiltIn">
<msg time="2026-01-12T16:31:35.849905" level="INFO">${options} = &lt;selenium.webdriver.chrome.options.Options object at 0x0000014DD1FCFBD0&gt;</msg>
<var>${options}</var>
<arg>selenium.webdriver.ChromeOptions()</arg>
<arg>modules=selenium.webdriver</arg>
<doc>Evaluates the given expression in Python and returns the result.</doc>
<status status="PASS" start="2026-01-12T16:31:35.849677" elapsed="0.000255"/>
</kw>
<kw name="Call Method" owner="BuiltIn">
<arg>${options}</arg>
<arg>add_argument</arg>
<arg>--headless</arg>
<doc>Calls the named method of the given object with the provided arguments.</doc>
<status status="PASS" start="2026-01-12T16:31:35.850018" elapsed="0.000098"/>
</kw>
<kw name="Call Method" owner="BuiltIn">
<arg>${options}</arg>
<arg>add_argument</arg>
<arg>--no-sandbox</arg>
<doc>Calls the named method of the given object with the provided arguments.</doc>
<status status="PASS" start="2026-01-12T16:31:35.850190" elapsed="0.000086"/>
</kw>
<kw name="Call Method" owner="BuiltIn">
<arg>${options}</arg>
<arg>add_argument</arg>
<arg>--disable-dev-shm-usage</arg>
<doc>Calls the named method of the given object with the provided arguments.</doc>
<status status="PASS" start="2026-01-12T16:31:35.850345" elapsed="0.000083"/>
</kw>
<kw name="Call Method" owner="BuiltIn">
<arg>${options}</arg>
<arg>add_argument</arg>
<arg>--disable-gpu</arg>
<doc>Calls the named method of the given object with the provided arguments.</doc>
<status status="PASS" start="2026-01-12T16:31:35.850497" elapsed="0.000080"/>
</kw>
<kw name="Call Method" owner="BuiltIn">
<arg>${options}</arg>
<arg>add_argument</arg>
<arg>--window-size\=1920,1080</arg>
<doc>Calls the named method of the given object with the provided arguments.</doc>
<status status="PASS" start="2026-01-12T16:31:35.850643" elapsed="0.000093"/>
</kw>
<kw name="Open Browser" owner="SeleniumLibrary">
<msg time="2026-01-12T16:31:35.850985" level="INFO">Opening browser 'Chrome' to base url 'about:blank'.</msg>
<arg>about:blank</arg>
<arg>${BROWSER}</arg>
<arg>options=${options}</arg>
<doc>Opens a new browser instance to the optional ``url``.</doc>
<status status="PASS" start="2026-01-12T16:31:35.850821" elapsed="1.243788"/>
</kw>
<status status="PASS" start="2026-01-12T16:31:35.849474" elapsed="1.245321"/>
</kw>
<kw name="Go To" owner="SeleniumLibrary">
<msg time="2026-01-12T16:31:37.095414" level="INFO">Opening url 'https://web.evbtranding.site/login'</msg>
<arg>${LOGIN_URL}</arg>
<doc>Navigates the current browser window to the provided ``url``.</doc>
<status status="PASS" start="2026-01-12T16:31:37.095179" elapsed="1.237323"/>
</kw>
<kw name="Maximize Browser Window" owner="SeleniumLibrary">
<doc>Maximizes current browser window.</doc>
<status status="PASS" start="2026-01-12T16:31:38.332804" elapsed="0.030081"/>
</kw>
<kw name="Scroll And Click Button">
<kw name="Scroll Element Into View" owner="SeleniumLibrary">
<arg>${locator}</arg>
<doc>Scrolls the element identified by ``locator`` into view.</doc>
<status status="PASS" start="2026-01-12T16:31:38.363859" elapsed="0.279128"/>
</kw>
<kw name="Wait Until Element Is Visible" owner="SeleniumLibrary">
<arg>${locator}</arg>
<arg>10s</arg>
<doc>Waits until the element ``locator`` is visible.</doc>
<status status="PASS" start="2026-01-12T16:31:38.643158" elapsed="0.011124"/>
</kw>
<kw name="Click Button" owner="SeleniumLibrary">
<msg time="2026-01-12T16:31:38.654699" level="INFO">Clicking button 'xpath=//button[@type='submit']'.</msg>
<arg>${locator}</arg>
<doc>Clicks the button identified by ``locator``.</doc>
<status status="PASS" start="2026-01-12T16:31:38.654494" elapsed="0.061326"/>
</kw>
<arg>xpath=//button[@type='submit']</arg>
<status status="PASS" start="2026-01-12T16:31:38.363453" elapsed="0.352474"/>
</kw>
<kw name="Scroll And Click Button">
<kw name="Scroll Element Into View" owner="SeleniumLibrary">
<arg>${locator}</arg>
<doc>Scrolls the element identified by ``locator`` into view.</doc>
<status status="PASS" start="2026-01-12T16:31:38.716460" elapsed="0.297693"/>
</kw>
<kw name="Wait Until Element Is Visible" owner="SeleniumLibrary">
<arg>${locator}</arg>
<arg>10s</arg>
<doc>Waits until the element ``locator`` is visible.</doc>
<status status="PASS" start="2026-01-12T16:31:39.014321" elapsed="0.008569"/>
</kw>
<kw name="Click Button" owner="SeleniumLibrary">
<msg time="2026-01-12T16:31:39.023236" level="INFO">Clicking button 'xpath=//button[@type='submit']'.</msg>
<arg>${locator}</arg>
<doc>Clicks the button identified by ``locator``.</doc>
<status status="PASS" start="2026-01-12T16:31:39.023037" elapsed="0.061168"/>
</kw>
<arg>xpath=//button[@type='submit']</arg>
<status status="PASS" start="2026-01-12T16:31:38.716206" elapsed="0.368121"/>
</kw>
<kw name="Sleep" owner="BuiltIn">
<msg time="2026-01-12T16:31:41.085035" level="INFO">Slept 2 seconds.</msg>
<arg>2s</arg>
<doc>Pauses the test executed for the given time.</doc>
<status status="PASS" start="2026-01-12T16:31:39.084570" elapsed="2.000648"/>
</kw>
<kw name="Log Location" owner="SeleniumLibrary">
<msg time="2026-01-12T16:31:41.089467" level="INFO">https://web.evbtranding.site/products</msg>
<doc>Logs and returns the current browser window URL.</doc>
<status status="PASS" start="2026-01-12T16:31:41.085789" elapsed="0.003732"/>
</kw>
<kw name="Get Source" owner="SeleniumLibrary">
<msg time="2026-01-12T16:31:41.093190" level="INFO">${html} = &lt;html lang="en"&gt;&lt;head&gt;
    &lt;meta charset="UTF-8"&gt;
    &lt;link rel="icon" type="image/svg+xml" href="/logo.png"&gt;
    &lt;meta name="viewport" content="width=device-width, initial-scale=1.0"&gt;
    &lt;script src...</msg>
<var>${html}</var>
<doc>Returns the entire HTML source of the current page or frame.</doc>
<status status="PASS" start="2026-01-12T16:31:41.089691" elapsed="0.003673"/>
</kw>
<kw name="Log" owner="BuiltIn">
<msg time="2026-01-12T16:31:41.093733" level="INFO">&lt;html lang="en"&gt;&lt;head&gt;
    &lt;meta charset="UTF-8"&gt;
    &lt;link rel="icon" type="image/svg+xml" href="/logo.png"&gt;
    &lt;meta name="viewport" content="width=device-width, initial-scale=1.0"&gt;
    &lt;script src="https://cdn.tailwindcss.com"&gt;&lt;/script&gt;
    &lt;title&gt;Evb Trading Platfrom&lt;/title&gt;
    &lt;script type="module" crossorigin="" src="/assets/index-N5ryRpLq.js"&gt;&lt;/script&gt;
    &lt;link rel="stylesheet" crossorigin="" href="/assets/index-X0p8CT9g.css"&gt;
  &lt;style&gt;*, ::before, ::after{--tw-border-spacing-x:0;--tw-border-spacing-y:0;--tw-translate-x:0;--tw-translate-y:0;--tw-rotate:0;--tw-skew-x:0;--tw-skew-y:0;--tw-scale-x:1;--tw-scale-y:1;--tw-pan-x: ;--tw-pan-y: ;--tw-pinch-zoom: ;--tw-scroll-snap-strictness:proximity;--tw-gradient-from-position: ;--tw-gradient-via-position: ;--tw-gradient-to-position: ;--tw-ordinal: ;--tw-slashed-zero: ;--tw-numeric-figure: ;--tw-numeric-spacing: ;--tw-numeric-fraction: ;--tw-ring-inset: ;--tw-ring-offset-width:0px;--tw-ring-offset-color:#fff;--tw-ring-color:rgb(59 130 246 / 0.5);--tw-ring-offset-shadow:0 0 #0000;--tw-ring-shadow:0 0 #0000;--tw-shadow:0 0 #0000;--tw-shadow-colored:0 0 #0000;--tw-blur: ;--tw-brightness: ;--tw-contrast: ;--tw-grayscale: ;--tw-hue-rotate: ;--tw-invert: ;--tw-saturate: ;--tw-sepia: ;--tw-drop-shadow: ;--tw-backdrop-blur: ;--tw-backdrop-brightness: ;--tw-backdrop-contrast: ;--tw-backdrop-grayscale: ;--tw-backdrop-hue-rotate: ;--tw-backdrop-invert: ;--tw-backdrop-opacity: ;--tw-backdrop-saturate: ;--tw-backdrop-sepia: ;--tw-contain-size: ;--tw-contain-layout: ;--tw-contain-paint: ;--tw-contain-style: }::backdrop{--tw-border-spacing-x:0;--tw-border-spacing-y:0;--tw-translate-x:0;--tw-translate-y:0;--tw-rotate:0;--tw-skew-x:0;--tw-skew-y:0;--tw-scale-x:1;--tw-scale-y:1;--tw-pan-x: ;--tw-pan-y: ;--tw-pinch-zoom: ;--tw-scroll-snap-strictness:proximity;--tw-gradient-from-position: ;--tw-gradient-via-position: ;--tw-gradient-to-position: ;--tw-ordinal: ;--tw-slashed-zero: ;--tw-numeric-figure: ;--tw-numeric-spacing: ;--tw-numeric-fraction: ;--tw-ring-inset: ;--tw-ring-offset-width:0px;--tw-ring-offset-color:#fff;--tw-ring-color:rgb(59 130 246 / 0.5);--tw-ring-offset-shadow:0 0 #0000;--tw-ring-shadow:0 0 #0000;--tw-shadow:0 0 #0000;--tw-shadow-colored:0 0 #0000;--tw-blur: ;--tw-brightness: ;--tw-contrast: ;--tw-grayscale: ;--tw-hue-rotate: ;--tw-invert: ;--tw-saturate: ;--tw-sepia: ;--tw-drop-shadow: ;--tw-backdrop-blur: ;--tw-backdrop-brightness: ;--tw-backdrop-contrast: ;--tw-backdrop-grayscale: ;--tw-backdrop-hue-rotate: ;--tw-backdrop-invert: ;--tw-backdrop-opacity: ;--tw-backdrop-saturate: ;--tw-backdrop-sepia: ;--tw-contain-size: ;--tw-contain-layout: ;--tw-contain-paint: ;--tw-contain-style: }/* ! tailwindcss v3.4.17 | MIT License | https://tailwindcss.com */*,::after,::before{box-sizing:border-box;border-width:0;border-style:solid;border-color:#e5e7eb}::after,::before{--tw-content:''}:host,html{line-height:1.5;-webkit-text-size-adjust:100%;-moz-tab-size:4;tab-size:4;font-family:ui-sans-serif, system-ui, sans-serif, "Apple Color Emoji", "Segoe UI Emoji", "Segoe UI Symbol", "Noto Color Emoji";font-feature-settings:normal;font-variation-settings:normal;-webkit-tap-highlight-color:transparent}body{margin:0;line-height:inherit}hr{height:0;color:inherit;border-top-width:1px}abbr:where([title]){-webkit-text-decoration:underline dotted;text-decoration:underline dotted}h1,h2,h3,h4,h5,h6{font-size:inherit;font-weight:inherit}a{color:inherit;text-decoration:inherit}b,strong{font-weight:bolder}code,kbd,pre,samp{font-family:ui-monospace, SFMono-Regular, Menlo, Monaco, Consolas, "Liberation Mono", "Courier New", monospace;font-feature-settings:normal;font-variation-settings:normal;font-size:1em}small{font-size:80%}sub,sup{font-size:75%;line-height:0;position:relative;vertical-align:baseline}sub{bottom:-.25em}sup{top:-.5em}table{text-indent:0;border-color:inherit;border-collapse:collapse}button,input,optgroup,select,textarea{font-family:inherit;font-feature-settings:inherit;font-variation-settings:inherit;font-size:100%;font-weight:inherit;line-height:inherit;letter-spacing:inherit;color:inherit;margin:0;padding:0}button,select{text-transform:none}button,input:where([type=button]),input:where([type=reset]),input:where([type=submit]){-webkit-appearance:button;background-color:transparent;background-image:none}:-moz-focusring{outline:auto}:-moz-ui-invalid{box-shadow:none}progress{vertical-align:baseline}::-webkit-inner-spin-button,::-webkit-outer-spin-button{height:auto}[type=search]{-webkit-appearance:textfield;outline-offset:-2px}::-webkit-search-decoration{-webkit-appearance:none}::-webkit-file-upload-button{-webkit-appearance:button;font:inherit}summary{display:list-item}blockquote,dd,dl,figure,h1,h2,h3,h4,h5,h6,hr,p,pre{margin:0}fieldset{margin:0;padding:0}legend{padding:0}menu,ol,ul{list-style:none;margin:0;padding:0}dialog{padding:0}textarea{resize:vertical}input::placeholder,textarea::placeholder{opacity:1;color:#9ca3af}[role=button],button{cursor:pointer}:disabled{cursor:default}audio,canvas,embed,iframe,img,object,svg,video{display:block;vertical-align:middle}img,video{max-width:100%;height:auto}[hidden]:where(:not([hidden=until-found])){display:none}.container{width:100%}@media (min-width: 640px){.container{max-width:640px}}@media (min-width: 768px){.container{max-width:768px}}@media (min-width: 1024px){.container{max-width:1024px}}@media (min-width: 1280px){.container{max-width:1280px}}@media (min-width: 1536px){.container{max-width:1536px}}.my-4{margin-top:1rem;margin-bottom:1rem}.mt-4{margin-top:1rem}.mb-4{margin-bottom:1rem}.min-h-screen{min-height:100vh}.py-20{padding-top:5rem;padding-bottom:5rem}.py-8{padding-top:2rem;padding-bottom:2rem}.text-center{text-align:center}.text-xl{font-size:1.25rem;line-height:1.75rem}.text-4xl{font-size:2.25rem;line-height:2.5rem}.font-bold{font-weight:700}&lt;/style&gt;&lt;/head&gt;
  &lt;body&gt;
    &lt;div id="root"&gt;&lt;div class="app-container"&gt;&lt;nav class="nav"&gt;&lt;div class="nav-container"&gt;&lt;div class="nav-content"&gt;&lt;a class="nav-logo" href="/" data-discover="true"&gt;&lt;img alt="EVB Logo" class="nav-logo-image" src="/assets/Logo_EVB_Light-BAk3c-i3.png"&gt;&lt;/a&gt;&lt;div class="nav-actions"&gt;&lt;form class="nav-search"&gt;&lt;input class="nav-search-input" placeholder="Tìm kiếm sản phẩm..." type="text" value=""&gt;&lt;button type="submit" class="nav-search-button"&gt;Tìm kiếm&lt;/button&gt;&lt;/form&gt;&lt;div class="nav-links"&gt;&lt;a class="nav-link" href="/login" data-discover="true"&gt;Đăng nhập&lt;/a&gt;&lt;a class="nav-link-button" href="/register" data-discover="true"&gt;Đăng ký&lt;/a&gt;&lt;/div&gt;&lt;/div&gt;&lt;/div&gt;&lt;/div&gt;&lt;/nav&gt;&lt;main class="page-wrapper"&gt;&lt;div class="page-transition "&gt;&lt;div class="min-h-screen" style="background: var(--bg-body);"&gt;&lt;div class="container py-8"&gt;&lt;h1 class="text-4xl font-bold mb-4" style="color: var(--text-heading);"&gt;Danh sách sản phẩm&lt;/h1&gt;&lt;div class="filter-toggle-row"&gt;&lt;button type="button" class="filter-toggle-button"&gt;&lt;span class="filter-toggle-label"&gt;Lọc&lt;/span&gt;&lt;span class="filter-toggle-icon " aria-hidden="true"&gt;▾&lt;/span&gt;&lt;/button&gt;&lt;/div&gt;&lt;div class="card text-center py-20"&gt;&lt;div style="color: rgb(156, 163, 175); margin: 0px auto; font-size: 3rem;"&gt;&lt;svg class="icon-svg" xmlns="http://www.w3.org/2000/svg" width="48" height="48" fill="none" viewBox="0 0 24 24" stroke="currentColor"&gt;&lt;path stroke-linecap="round" stroke-linejoin="round" stroke-width="2" d="M9 13h6m-3-3v6m-9 1V7a2 2 0 012-2h10a2 2 0 012 2v10a2 2 0 01-2 2H5a2 2 0 01-2-2z"&gt;&lt;/path&gt;&lt;/svg&gt;&lt;/div&gt;&lt;p class="text-xl my-4" style="color: var(--text-body);"&gt;Chưa có sản phẩm nào&lt;/p&gt;&lt;/div&gt;&lt;/div&gt;&lt;/div&gt;&lt;/div&gt;&lt;/main&gt;&lt;/div&gt;&lt;/div&gt;

  &lt;script defer="" src="https://static.cloudflareinsights.com/beacon.min.js/vcd15cbe7772f49c399c6a5babf22c1241717689176015" integrity="sha512-ZpsOmlRQV6y907TI0dKBHq9Md29nnaEIPlkf84rnaERnq6zvWvPUqr2ft8M1aS28oN72PdrCzSjY4U6VaAw1EQ==" data-cf-beacon="{&amp;quot;version&amp;quot;:&amp;quot;2024.11.0&amp;quot;,&amp;quot;token&amp;quot;:&amp;quot;699ff694650642febb61434b45d59737&amp;quot;,&amp;quot;r&amp;quot;:1,&amp;quot;server_timing&amp;quot;:{&amp;quot;name&amp;quot;:{&amp;quot;cfCacheStatus&amp;quot;:true,&amp;quot;cfEdge&amp;quot;:true,&amp;quot;cfExtPri&amp;quot;:true,&amp;quot;cfL4&amp;quot;:true,&amp;quot;cfOrigin&amp;quot;:true,&amp;quot;cfSpeedBrain&amp;quot;:true},&amp;quot;location_startswith&amp;quot;:null}}" crossorigin="anonymous"&gt;&lt;/script&gt;


&lt;/body&gt;&lt;/html&gt;</msg>
<arg>${html}</arg>
<doc>Logs the given message with the given level.</doc>
<status status="PASS" start="2026-01-12T16:31:41.093569" elapsed="0.000320"/>
</kw>
<kw name="Wait Until Page Contains Element" owner="SeleniumLibrary">
<msg time="2026-01-12T16:31:51.221895" level="INFO" html="true">&lt;/td&gt;&lt;/tr&gt;&lt;tr&gt;&lt;td colspan="3"&gt;&lt;a href="selenium-screenshot-10.png"&gt;&lt;img src="selenium-screenshot-10.png" width="800px"&gt;&lt;/a&gt;</msg>
<msg time="2026-01-12T16:31:51.222060" level="FAIL">Element 'xpath=//input[@type='email']' did not appear in 10 seconds.</msg>
<arg>xpath=//input[@type='email']</arg>
<arg>10s</arg>
<doc>Waits until the element ``locator`` appears on the current page.</doc>
<status status="FAIL" start="2026-01-12T16:31:41.094224" elapsed="10.129720">Element 'xpath=//input[@type='email']' did not appear in 10 seconds.</status>
</kw>
<kw name="Capture Page Screenshot" owner="SeleniumLibrary">
<doc>Takes a screenshot of the current page and embeds it into a log file.</doc>
<status status="NOT RUN" start="2026-01-12T16:31:51.224225" elapsed="0.000032"/>
</kw>
<kw name="Capture Page Screenshot" owner="SeleniumLibrary">
<doc>Takes a screenshot of the current page and embeds it into a log file.</doc>
<status status="NOT RUN" start="2026-01-12T16:31:51.224427" elapsed="0.000030"/>
</kw>
<kw name="Close Browser" owner="SeleniumLibrary" type="TEARDOWN">
<doc>Closes the current browser.</doc>
<status status="PASS" start="2026-01-12T16:31:51.224749" elapsed="2.110778"/>
</kw>
<doc>Verify login fails with empty fields</doc>
<status status="FAIL" start="2026-01-12T16:31:35.849039" elapsed="17.486761">Element 'xpath=//input[@type='email']' did not appear in 10 seconds.</status>
</test>
<status status="FAIL" start="2026-01-12T16:30:17.831942" elapsed="95.504671"/>
</suite>
<statistics>
<total>
<stat pass="7" fail="1" skip="0">All Tests</stat>
</total>
<tag>
</tag>
<suite>
<stat name="Test" id="s1" pass="7" fail="1" skip="0">Test</stat>
</suite>
</statistics>
<errors>
</errors>
</robot>
